         w __deregister_frame_info
         w __register_frame_info
         w userAppExit
         w userAppInit
00000000 b _TLS_MODULE_BASE_
00000000 00000802 B __ctru_dev_utf16_buf
00000000 A __sync_synchronize
00000000 a shift
00000000 a shift
00000804 00000401 B __ctru_dev_path_buf
00100000 A __start__
00100000 T _start
00100008 T __service_ptr
0010000c T __apt_appid
00100010 T __heap_size
00100014 T __linear_heap_size
00100018 T __system_arglist
0010001c T __system_runflags
00100020 t startup
00100058 t ClearMem
0010006c t ClrLoop
00100094 T _init
001000ac t .udivsi3_skip_div0_test
001000ac T __aeabi_uidiv
001000ac 000001ec T __udivsi3
00100298 00000020 T __aeabi_uidivmod
001002b8 T __aeabi_idiv
001002b8 00000220 T __divsi3
001002c0 t .divsi3_skip_div0_test
001004d8 00000020 T __aeabi_idivmod
001004f8 00000004 W __aeabi_idiv0
001004f8 00000004 W __aeabi_ldiv0
001004fc T __aeabi_drsub
00100504 000002b0 T __aeabi_dsub
00100504 000002b0 T __subdf3
00100508 000002ac T __adddf3
00100508 000002ac T __aeabi_dadd
001007b4 00000024 T __aeabi_ui2d
001007b4 00000024 T __floatunsidf
001007d8 00000028 T __aeabi_i2d
001007d8 00000028 T __floatsidf
00100800 00000048 T __aeabi_f2d
00100800 00000048 T __extendsfdf2
00100848 00000074 T __aeabi_ul2d
00100848 00000074 T __floatundidf
0010085c 00000060 T __aeabi_l2d
0010085c 00000060 T __floatdidf
001008bc T __aeabi_ldivmod
00100990 T __aeabi_uldivmod
001009e8 00000390 T strcmp
00100d70 t __do_global_dtors_aux
00100db0 t frame_dummy
00100ddc 000001dc T main
00100fb8 00000044 t C2Di_FrameEndHook
00101000 0000036c T C2D_Init
0010136c 0000004c T C2D_Fini
001013b8 000000b8 T C2D_Prepare
00101470 00000048 T C2D_Flush
001014b8 00000104 T C2D_SceneSize
001015bc 00000058 T C2D_CreateScreenTarget
00101614 00000064 T C2D_TargetClear
00101678 0000013c T C2Di_CalcQuad
001017b4 00000058 T C2Di_AppendQuad
0010180c 00000550 T C2Di_Update
00101d5c 000002b0 T C2D_DrawImage
0010200c 0000006c T C2D_SpriteSheetLoadFromHandle
00102078 00000048 T C2D_SpriteSheetLoad
001020c0 00000028 T C2D_SpriteSheetFree
001020e8 0000002c T C2D_SpriteSheetGetImage
00102114 00000028 T AttrInfo_Init
0010213c 00000094 T AttrInfo_AddLoader
001021d0 00000054 T C3D_SetAttrInfo
00102224 00000080 T C3Di_AttrInfoBind
001022a4 00000004 W C3Di_LightEnvUpdate
001022a8 00000004 W C3Di_LightEnvDirty
001022ac 000000b4 t C3Di_AptEventHook
00102360 00000004 W C3Di_GasUpdate
00102364 000001d0 T C3D_Init
00102534 00000098 T C3D_SetViewport
001025cc 000004e8 T C3Di_UpdateContext
00102ab4 000000e0 T C3Di_SplitFrame
00102b94 00000010 T C3D_GetCmdBufUsage
00102ba4 00000044 T C3D_Fini
00102be8 00000194 T C3D_BindProgram
00102d7c 00000024 T BufInfo_Init
00102da0 00000080 T BufInfo_Add
00102e20 0000003c T C3D_SetBufInfo
00102e5c 00000048 T C3Di_BufInfoBind
00102ea4 0000021c T C3D_DrawElements
001030c0 00000040 T C3D_DepthMap
00103100 0000001c T C3D_CullFace
0010311c 00000040 T C3D_StencilTest
0010315c 00000024 T C3D_StencilOp
00103180 0000001c T C3D_BlendingColor
0010319c 00000024 T C3D_EarlyDepthTest
001031c0 0000002c T C3D_DepthTest
001031ec 0000002c T C3D_AlphaTest
00103218 00000050 T C3D_AlphaBlend
00103268 00000030 T C3D_FragOpMode
00103298 00000044 T C3D_FragOpShadow
001032dc 000001ac T C3Di_EffectBind
00103488 0000001c T C3D_CalcColorBufSize
001034a4 0000001c T C3D_CalcDepthBufSize
001034c0 00000044 T C3D_SetFrameBuf
00103504 0000016c T C3Di_FrameBufBind
00103670 000000c8 T C3D_FrameBufClear
00103738 00000044 T C3D_FrameBufTransfer
0010377c 000000a8 T C3D_ImmSendAttrib
00103824 00000070 T C3D_ProcTexInit
00103894 00000054 T C3D_ProcTexBind
001038e8 0000005c T C3D_ProcTexLutBind
00103944 000000a4 T ProcTexLut_FromArray
001039e8 00000178 T C3Di_ProcTexUpdate
00103b60 00000068 T C3Di_ProcTexDirty
00103bc8 0000004c t onVBlank0
00103c14 0000004c t onVBlank1
00103c60 00000080 t C3Di_RenderTargetDestroy
00103ce0 000000f4 t onQueueFinish
00103dd4 00000038 T C3Di_RenderQueueEnableVBlank
00103e0c 00000030 T C3Di_RenderQueueDisableVBlank
00103e3c 00000060 T C3Di_RenderQueueInit
00103e9c 000000b4 T C3Di_RenderQueueExit
00103f50 00000034 T C3Di_RenderQueueWaitDone
00103f84 000000e8 T C3D_FrameBegin
0010406c 00000048 T C3D_FrameDrawOn
001040b4 00000058 T C3D_FrameSplit
0010410c 000001d0 T C3D_FrameEnd
001042dc 0000001c T C3D_FrameEndHook
001042f8 00000018 T C3D_GetDrawingTime
00104310 00000018 T C3D_GetProcessingTime
00104328 00000170 T C3D_RenderTargetCreate
00104498 000000a8 T C3D_RenderTargetSetOutput
00104540 000000fc T C3D_SyncTextureCopy
0010463c 000003d8 t Tex3DSi_ImportCommon
00104a14 00000038 T Tex3DS_TextureImportStdio
00104a4c 0000001c T Tex3DS_GetSubTexture
00104a68 00000004 T Tex3DS_TextureFree
00104a6c 00000034 T C3D_GetTexEnv
00104aa0 00000024 T C3Di_TexEnvBind
00104ac4 00000290 T C3D_TexInitWithParams
00104d54 000000c8 T C3D_TexLoadImage
00104e1c 00000044 T C3D_TexBind
00104e60 00000074 T C3D_TexDelete
00104ed4 0000014c T C3Di_SetTex
00105020 00000290 T C3D_UpdateUniforms
001052b0 000000c0 T C3Di_DirtyUniforms
00105370 000000d8 T C3Di_LoadShaderUniforms
00105448 00000028 T C3Di_ClearShaderUniforms
00105470 000000cc T Mtx_Ortho
0010553c 000000cc T Mtx_OrthoTilt
00105608 00000024 t addrMapNodeComparator(rbtree_node const*, rbtree_node const*)
0010562c 00000004 t addrMapNodeDestructor(rbtree_node*)
00105630 00000244 T vramMemAlignAt
00105874 0000000c T vramAlloc
00105880 0000000c T vramAllocAt
0010588c 00000090 T vramFree
0010591c 00000024 t addrMapNodeComparator(rbtree_node const*, rbtree_node const*)
00105940 00000004 t addrMapNodeDestructor(rbtree_node*)
00105944 00000120 T linearMemAlign
00105a64 00000008 T linearAlloc
00105a6c 0000005c T linearFree
00105ac8 00000084 T MemPool::CoalesceRight(MemBlock*)
00105b4c 00000150 T MemPool::Allocate(MemChunk&, unsigned long, int)
00105c9c 000000fc T MemPool::Deallocate(MemChunk const&)
00105d98 00000030 T MemPool::GetFreeSpace()
00105dc8 00000008 t romfs_close
00105dd0 000000c4 t romfs_seek
00105e94 00000024 t romfs_dirreset
00105eb8 000000c8 t fill_dir
00105f80 000002a8 t romfs_dirnext
00106228 00000074 t romfs_free
0010629c 000000d4 t searchForFile.constprop.0
00106370 000000d8 t searchForDir.constprop.0
00106448 000001c0 t navigateToDir.constprop.0
00106608 0000010c t romfs_open
00106714 0000004c t romfs_chdir
00106760 00000070 t romfs_diropen
001067d0 00000174 t romfs_stat
00106944 00000008 t romfs_dirclose
00106950 00000084 t romfs_fstat
001069d4 000000d0 t romfs_read
00106aa4 0000028c T romfsMountFromFile
00106d30 00000098 T romfsMountFromCurrentProcess
00106dc8 00000260 T romfsMountSelf
00107028 000000a4 T romfsUnmount
001070cc 00000074 T osConvertVirtToPhys
00107140 00000054 T osGetTimeRef
00107194 000000ec T osGetTime
00107280 00000038 T osTickCounterRead
001072b8 00000034 T __ctru_speedup_config
001072ec 0000045c t consoleHandleColorEsc
00107748 000000b8 t consoleColorStateShift
00107800 000001ac T consoleDrawChar
001079ac 0000011c T consolePrintChar
00107ac8 000005ec T con_write
001080b4 00000124 t newRow
001081d8 0000018c T consoleInit
00108364 000000d0 t gfxPresentFramebuffer
00108434 0000001c T gfxIsWide
00108450 000000ec T gfxSetScreenFormat
0010853c 00000010 T gfxSetDoubleBuffering
0010854c 000000d8 T gfxInit
00108624 00000010 T gfxInitDefault
00108634 000000b4 T gfxExit
001086e8 000000a0 T gfxGetFramebuffer
00108788 00000100 T gfxFlushBuffers
00108888 00000030 T gfxScreenSwapBuffers
001088b8 00000050 T gfxSwapBuffersGpu
00108908 000001d0 T shaderInstanceInit
00108ad8 00000018 T shaderInstanceGetUniformLocation
00108af0 0000001c T shaderProgramInit
00108b0c 00000064 T shaderProgramFree
00108b70 00000080 T shaderProgramSetVsh
00108bf0 000008d0 T shaderProgramConfigure
001094c0 000001dc t DVLE_GenerateOutmap.part.0
0010969c 000001b0 T DVLB_ParseFile
0010984c 00000038 T DVLB_Free
00109884 00000074 T DVLE_GetUniformRegister
001098f8 00000010 T GX_BindQueue
00109908 00000078 T GX_ProcessCommandList
00109980 00000074 T GX_MemoryFill
001099f4 00000070 T GX_DisplayTransfer
00109a64 00000074 T GX_TextureCopy
00109ad8 00000068 t gxCmdQueueDoCommands.part.0
00109b40 000000c8 T gxCmdQueueInterrupt
00109c08 0000004c T gxCmdQueueClear
00109c54 000000f8 T gxCmdQueueAdd
00109d4c 00000080 T gxCmdQueueRun
00109dcc 00000060 T gxCmdQueueStop
00109e2c 0000008c T gxCmdQueueWait
00109eb8 0000013c T GPUCMD_Add
00109ff4 000000b0 T GPUCMD_Split
0010a0a4 00000034 T f32tof16
0010a0d8 00000034 T f32tof24
0010a10c 00000038 T f32tof31
0010a144 00000c70 t gspHardwareInit
0010adb4 00000248 T gspInit
0010affc 000000e4 T gspExit
0010b0e0 00000010 T gspHasGpuRight
0010b0f0 000000a0 T gspPresentBuffer
0010b190 00000030 T gspSetEventCallback
0010b1c0 00000044 T gspWaitForEvent
0010b204 0000004c T gspWaitForAnyEvent
0010b250 00000160 t gspEventThreadMain
0010b3b0 00000130 T gspSubmitGxCommand
0010b4e0 00000050 T GSPGPU_FlushDataCache
0010b530 00000034 T GSPGPU_SetLcdForceBlack
0010b564 00000068 T GSPGPU_AcquireRight
0010b5cc 00000048 T GSPGPU_ReleaseRight
0010b614 0000007c T GSPGPU_ImportDisplayCaptureInfo
0010b690 0000002c T GSPGPU_SaveVramSysArea
0010b6bc 0000002c T GSPGPU_RestoreVramSysArea
0010b6e8 000001b0 t aptConvertScreenForCapture
0010b898 00000008 W aptDspSleep
0010b8a0 00000004 W aptDspWakeup
0010b8a4 00000004 W aptDspCancel
0010b8a8 00000158 T aptSendCommand
0010ba00 00000044 t aptExitProcess
0010ba44 00000380 T aptExit
0010bdc4 000000d8 T aptHandleSleep
0010be9c 00000030 T aptHook
0010becc 00000030 T aptUnhook
0010befc 00000084 T APT_SleepIfShellClosed
0010bf80 00000078 T aptSetSleepAllowed
0010bff8 00000084 T APT_UnlockTransition
0010c080 00000478 t aptEventHandler
0010c4f8 000000b0 T APT_ReceiveParameter
0010c5a8 000000ac t aptReceiveParameter.constprop.0
0010c658 00000294 t aptScreenTransfer
0010c8ec 000002c8 t aptWaitForWakeUp.isra.0
0010cbb4 000000f4 T aptJumpToHomeMenu
0010cca8 00000048 T aptMainLoop
0010ccf0 0000022c T aptInit
0010cf1c 0000007c T APT_CheckNew3DS
0010cf98 00000074 T ptmSysmInit
0010d00c 0000003c T ptmSysmExit
0010d048 00000034 T PTMSYSM_ConfigureNew3DSCPU
0010d07c 000000d0 T fsInit
0010d14c 0000003c T fsExit
0010d188 00000060 T fsExemptFromSession
0010d1e8 00000050 T fsUnexemptFromSession
0010d238 000000cc T FSUSER_OpenFile
0010d304 000000d4 T FSUSER_OpenFileDirectly
0010d3d8 000000bc T FSUSER_DeleteFile
0010d494 000000f8 T FSUSER_RenameFile
0010d58c 000000bc T FSUSER_DeleteDirectory
0010d648 000000d4 T FSUSER_CreateFile
0010d71c 000000c4 T FSUSER_CreateDirectory
0010d7e0 000000f8 T FSUSER_RenameDirectory
0010d8d8 000000b4 T FSUSER_OpenDirectory
0010d98c 00000094 T FSUSER_OpenArchive
0010da20 0000008c T FSUSER_CloseArchive
0010daac 00000074 T FSUSER_GetSdmcArchiveResource
0010db20 00000064 T FSUSER_IsSdmcWritable
0010db84 00000058 T FSFILE_Read
0010dbdc 00000060 T FSFILE_Write
0010dc3c 00000038 T FSFILE_GetSize
0010dc74 00000028 T FSFILE_SetSize
0010dc9c 0000003c T FSFILE_Close
0010dcd8 00000024 T FSFILE_Flush
0010dcfc 00000050 T FSDIR_Read
0010dd4c 0000003c T FSDIR_Close
0010dd88 000000e0 t buffer_read
0010de68 000000cc t iov_read
0010df34 00000148 t iov_memmove
0010e07c 000001dc t decompress_rle
0010e258 0000026c t decompress_lzss
0010e4c4 0000042c t decompress_lz11
0010e8f0 0000036c t decompress_huff
0010ec5c 00000010 T decompressCallback_Stdio
0010ec6c 000000e4 T decompressHeader
0010ed50 00000200 T decompressV
0010ef50 00000010 T rbtree_init
0010ef60 0000019c t do_insert
0010f0fc 00000008 T rbtree_insert
0010f104 00000090 T rbtree_rotate
0010f194 00000310 T rbtree_remove
0010f4a4 00000074 T rbtree_find
0010f518 000000e8 T utf16_to_utf8
0010f600 00000064 T decode_utf16
0010f664 000000c0 T utf8_to_utf16
0010f728 000001e0 W __system_allocateHeaps
0010f908 00000038 W __libctru_init
0010f940 00000160 W __system_initArgv
0010faa0 T svcControlMemory
0010fac0 T svcQueryMemory
0010faf0 T svcExitProcess
0010faf8 T svcCreateThread
0010fb18 T svcExitThread
0010fb20 T svcSleepThread
0010fb28 T svcReleaseMutex
0010fb30 T svcCreateEvent
0010fb44 T svcSignalEvent
0010fb4c T svcClearEvent
0010fb54 T svcMapMemoryBlock
0010fb5c T svcUnmapMemoryBlock
0010fb64 T svcCreateAddressArbiter
0010fb78 T svcArbitrateAddressNoTimeout
0010fb80 T svcCloseHandle
0010fb88 T svcWaitSynchronization
0010fb90 T svcWaitSynchronizationN
0010fbb8 T svcDuplicateHandle
0010fbcc T svcGetSystemTick
0010fbd4 T svcConnectToPort
0010fbe8 T svcSendSyncRequest
0010fbf0 T svcGetResourceLimit
0010fc04 T svcGetResourceLimitLimitValues
0010fc0c T svcGetResourceLimitCurrentValues
0010fc14 T svcBreak
0010fc1c W initSystem
0010fc6c W __ctru_exit
0010fc80 T __aeabi_read_tp
0010fc8c 0000000c T __sync_init
0010fc98 00000018 T __sync_fini
0010fcb0 0000002c T syncArbitrateAddress
0010fcdc 000000b0 T LightLock_Lock
0010fd8c 00000040 T LightLock_Unlock
0010fdcc 00000030 T RecursiveLock_Lock
0010fdfc 00000054 T RecursiveLock_Unlock
0010fe50 00000040 T LightEvent_Init
0010fe90 000000a4 T LightEvent_Clear
0010ff34 000000c8 T LightEvent_Signal
0010fffc 00000050 T LightEvent_TryWait
0011004c 000000a0 T LightEvent_Wait
001100ec 00000084 W envGetHandle
00110170 00000050 W envDestroyHandles
001101c0 0000012c T srvInit
001102ec 00000058 T srvExit
00110344 00000060 T srvEnableNotification
001103a4 000000a0 T srvGetServiceHandleDirect
00110444 00000038 T srvGetServiceHandle
0011047c 00000034 T srvSubscribe
001104b0 00000060 T srvReceiveNotification
00110510 00000038 T srvPublishToSubscriber
00110548 000001d4 T threadCreate
0011071c 0000002c T threadFree
00110748 00000024 T threadJoin
0011076c 00000030 T threadGetCurrent
0011079c 00000040 T threadExit
001107dc 00000020 t _thread_begin
001107fc 00000090 t mappableFindAddressWithin
0011088c 00000028 T mappableInit
001108b4 00000080 T mappableAlloc
00110934 00000004 T mappableFree
00110938 0000000c T srvPmGetSessionHandle
00110944 0000005c T rbtree_node_next
001109a0 00000054 T encode_utf16
001109f4 000000e0 T encode_utf8
00110ad4 0000013c T decode_utf8
00110c10 00000030 W __appInit
00110c40 00000030 T __syscall_getreent
00110c70 00000064 T __syscall_gettod_r
00110cd4 00000004 T __syscall_lock_acquire
00110cd8 00000004 T __syscall_lock_release
00110cdc 00000004 T __syscall_lock_acquire_recursive
00110ce0 00000004 T __syscall_lock_release_recursive
00110ce4 00000004 T __syscall_exit
00110ce8 00000050 T initThreadVars
00110d38 00000080 T __system_initSyscalls
00110db8 00000030 W __appExit
00110de8 00000090 W __libctru_exit
00110e78 00000014 t archive_link
00110e8c 00000014 t archive_dirreset
00110ea0 00000014 t archive_chmod
00110eb4 00000024 t error_cmp
00110ed8 00000050 t archive_translate_error
00110f28 000000c4 t archive_seek
00110fec 00000078 t _archiveInit.part.0
00111064 000000c4 t archiveFindDevice.part.0
00111128 00000290 t archive_utf16path
001113b8 0000009c t _archiveUnmountDeviceStruct.part.0
00111454 00000014 t archive_statvfs
00111468 00000014 t archive_fchmod
0011147c 00000168 t _archiveMountDevice
001115e4 000000e8 t archive_diropen
001116cc 000000a4 t archive_fstat
00111770 0000006c t archive_fsync
001117dc 0000006c t archive_close
00111848 00000070 t archive_dirclose
001118b8 000000e4 t sdmc_statvfs
0011199c 000000ec t archive_chdir
00111a88 0000007c t archive_ftruncate
00111b04 000000ac t archive_read
00111bb0 000000a4 t archive_unlink
00111c54 000000bc t archive_rmdir
00111d10 000000dc t archive_mkdir
00111dec 00000194 t archive_stat
00111f80 0000015c t archive_dirnext
001120dc 00000124 t archive_write
00112200 00000210 t archive_open
00112410 00000268 t archive_rename
00112678 0000019c T archiveMountSdmc
00112814 00000054 T archiveUnmountAll
00112868 00000024 W hidShouldUseIrrst
0011288c 0000018c T hidInit
00112a18 000000e8 T hidExit
00112b00 00000160 T irrstInit
00112c60 000000cc T irrstExit
00112d30 0000025c T sinf
00112f8c 00000024 t with_errnof
00112fb0 0000001c T __math_invalidf
00112fd0 0000021c T cosf
001131ec 00000120 T __udivmoddi4
0011330c 000000d8 T strncmp
001133e4 00000130 T strchr
00113514 0000001c T srand
00113530 0000005c T strlen
0011358c 000000d4 T memcmp
00113660 000001e4 t _strtoul_l.isra.0
00113844 00000034 T strtoul
00113878 000000e4 T strncat
0011395c 00000078 T bsearch
001139d4 00000344 T _fread_r
00113d18 00000038 T fread
00113d50 00000020 T calloc
00113d70 00000038 t lflush
00113da8 0000019c T __srefill_r
00113f44 00000148 T _fclose_r
0011408c 00000018 T fclose
001140a4 000000c0 T _calloc_r
00114164 00000144 T __smakebuf_r
001142a8 0000008c T __swhatbuf_r
00114334 00000020 T memalign
00114354 0000001c t stdio_exit_handler
00114370 0000005c t cleanup_stdio
001143cc 00000154 t global_stdio_init.part.0
00114520 00000134 T __sfp
00114654 0000005c T __sinit
001146b0 0000000c T __sfp_lock_acquire
001146bc 0000000c T __sfp_lock_release
001146c8 000007e8 T _malloc_r
00114eb0 000000f8 T _malloc_trim_r
00114fa8 00000300 T _free_r
001152a8 00000294 T setvbuf
0011553c 0000004c T strnlen
00115588 0000000c T __errno
00115594 00000034 T malloc
001155c8 00000018 T free
001155e0 00000130 T memcpy
00115710 00000034 T printf
00115744 00000134 T _fopen_r
00115878 00000020 T fopen
00115898 0000004c T time
001158e4 000000e8 T memset
001159cc 00000070 T _fwalk_sglue
00115a3c 0000000c T __malloc_lock
00115a48 0000000c T __malloc_unlock
00115a54 00000004 W __call_exitprocs
00115a58 00000030 T exit
00115a88 0000001c T _fseek_r
00115aa4 000000c4 T strncpy
00115b68 000000b4 T __sflags
00115c1c 00000084 T __libc_init_array
00115ca0 00000228 T __sflush_r
00115ec8 00000094 T _fflush_r
00115f5c 00000150 T _memalign_r
001160ac 0000003c T __libc_fini_array
001160e8 0000058c T _fseeko_r
00116674 00000044 T __sread
001166b8 00000068 T __swrite
00116720 00000040 T __sseek
00116760 00000008 T __sclose
00116768 000005e4 t get_arg
00116d50 0000342c T _vfprintf_r
0011a17c 000000b8 t __sbprintf
0011a234 000001b4 t quorem
0011a3e8 00001370 T _dtoa_r
0011b758 000000a0 T _wcrtomb_r
0011b7f8 00000028 T _wcsrtombs_r
0011b820 00000194 T __swsetup_r
0011b9b8 00000088 T frexp
0011ba40 0000005c T __assert_func
0011ba9c 00000088 T _Balloc
0011bb24 0000001c T _Bfree
0011bb40 000000f4 T __multadd
0011bc34 00000080 T __hi0bits
0011bcb4 000000f4 T __lo0bits
0011bda8 000000a4 T __i2b
0011be4c 00000208 T __multiply
0011c054 00000130 T __pow5mult
0011c184 00000138 T __lshift
0011c2bc 00000058 T __mcmp
0011c314 000001f0 T __mdiff
0011c504 00000120 T __d2b
0011c624 00000024 T __locale_mb_cur_max
0011c648 0000003c T fiprintf
0011c684 000000e0 T memchr
0011c764 00000160 T _wcsnrtombs_l
0011c8c4 00000064 T _wcsnrtombs_r
0011c928 00000324 T __utf8_mbtowc
0011cc4c 00000030 T __sprint_r
0011cc7c 00000014 T abort
0011cc90 00000024 T _localeconv_r
0011ccb4 000000f0 T __utf8_wctomb
0011cda4 00000160 T memmove
0011cf04 00000090 T _raise_r
0011cf94 00000018 T raise
0011cfac 00000480 T __sfvwrite_r
0011d42c 000005e4 t get_arg
0011da10 00002264 T _vfiprintf_r
0011fc74 000000b8 t __sbprintf
0011fd2c 000004a4 T _realloc_r
001201d0 00000020 T _exit
001201f0 0000013c T chdir
0012032c 000001cc T _concatenate_path
001204f8 00000088 T _fstat_r
00120580 00000014 T _getpid_r
00120594 0000002c T __getreent
001205c0 00000030 T _gettimeofday_r
001205f0 0000008c T __release_handle
0012067c 000000b0 T __alloc_handle
0012072c 0000003c T __get_handle
00120768 000000f4 T _close_r
0012085c 00000008 t null_write
00120864 00000018 T setDefaultDevice
0012087c 000000c8 T FindDevice
00120944 00000028 T RemoveDevice
0012096c 00000098 T AddDevice
00120a04 00000020 T GetDeviceOpTab
00120a24 00000008 T _isatty_r
00120a2c 00000014 T _kill_r
00120a40 0000008c T _lseek_r
00120acc 000000bc T _open_r
00120b88 00000088 T _read_r
00120c10 00000078 W _sbrk_r
00120c88 0000001c T __libc_lock_acquire
00120ca4 0000001c T __libc_lock_release
00120cc0 0000001c T __libc_lock_acquire_recursive
00120cdc 0000001c T __libc_lock_release_recursive
00120cf8 00000088 T _write_r
00120d80 00000048 T strrchr
00120dc8 T _fini
001211b8 r .LC2
001212dc 00000008 r s_defaultTint.0
001212e4 R render2d_shbin
00121470 R render2d_shbin_end
00121470 R render2d_shbin_size
00121474 00000004 r depthFmtSizes
00121478 00000005 r colorFmtSizes
00121480 00000010 r CSWTCH.11
00121490 00000038 r CSWTCH.19
001214c8 00000080 r romFS_devoptab
00121600 00000080 r dotab_stdout
00121680 00000018 r grayScale
00121698 00000006 r colorCube
001216a0 00000030 r colorTable
001216f8 00000008 r morton_y.2
00121700 00000008 r morton_x.3
00121708 00000008 r s_sleepWakeEvents.4
00121734 R default_font_bin
00121f34 R default_font_bin_end
00121f34 00000030 r error_table
00121f64 00000080 r archive_devoptab
00121fe4 00000060 R __inv_pio4
00122048 000000e0 R __sincosf_table
00122128 00000101 R _ctype_
00122350 00000010 r zeroes.0
00122360 00000010 r blanks.1
00122378 0000006c R __action_table
001223e4 0000006c R __state_table
00122450 00000100 R __chclass
00122550 0000000c r p05.0
00122560 00000028 R __mprec_bigtens
00122588 000000c8 R __mprec_tens
0012273c 00000010 r zeroes.0
0012274c 00000010 r blanks.1
0012275c 00000080 R dotab_stdnull
001227dc R __tdata_align
001227e0 r __EH_FRAME_BEGIN__
001227e0 R __exidx_end
001227e0 R __exidx_start
00123000 00000008 d framerateCounter
00123008 00000004 d framerate
0012300c 00000001 d firstConsoleInit.0
00123010 00000004 D currentConsole
00123014 00000048 D defaultConsole
0012305c 00000004 d queueLock
00123060 00000004 d aptChainloadDeliverArgSize
00123064 W __stacksize__
00123068 00000004 D _impure_ptr
00123070 00000120 D _impure_data
00123190 0000000c D __sglue
0012319c 00000004 D __malloc_sbrk_base
001231a0 00000004 D __malloc_trim_threshold
001231a8 00000408 D __malloc_av_
001235b0 0000016c D __global_locale
0012371c 00000400 d _current_working_directory
00123b20 00001000 d handles
00124b20 0000000c d __stderr_handle
00124b2c 0000000c d __stdout_handle
00124b38 0000000c d __stdin_handle
00124b44 0000008c D devoptab_list
00124bd0 00000004 d defaultDevice
00124bdc d _GLOBAL_OFFSET_TABLE_
00124be8 d __frame_dummy_init_array_entry
00124be8 D __init_array_start
00124be8 B __preinit_array_end
00124be8 B __preinit_array_start
00124be8 D __tdata_lma
00124be8 D __tdata_lma_end
00124bec d __do_global_dtors_aux_fini_array_entry
00124bec D __fini_array_start
00124bec D __init_array_end
00124bf0 D __bss_start__
00124bf0 D __fini_array_end
00124bf0 00000004 b spriteSheet
00124bf4 b completed.1
00124bf8 b object.0
00124c10 000005a8 B __C2Di_Context
001251b8 00000040 b s_projBot
001251f8 00000040 b s_projTop
00125238 00000004 b uLoc_mdlvMtx
0012523c 00000004 b uLoc_projMtx
00125240 0000000c b hookCookie
00125250 000002d0 B __C3D_Context
00125520 00000004 b frameEndCbData
00125524 00000004 b frameEndCb
00125528 00000008 b frameCounter
00125530 00000001 b isTopStereo
00125531 00000001 b needSwapBot
00125532 00000001 b needSwapTop
00125533 00000001 b measureGpuTime
00125534 00000001 b inSafeTransfer
00125535 00000001 b inFrame
00125538 00000010 b cpuTime
00125548 00000010 b gpuTime
00125558 0000000c b linkedTarget
00125564 00000004 b lastTarget
00125568 00000004 b firstTarget
0012556c 00000008 b C3Di_IVUnifEverDirty
00125574 000000c0 b C3Di_FVUnifEverDirty
00125634 00000018 b C3Di_ShaderFVecData
0012564c 00000002 B C3D_BoolUnifsDirty
00125650 00000008 B C3D_IVUnifDirty
00125658 000000c0 B C3D_FVUnifDirty
00125718 00000004 B C3D_BoolUnifs
0012571c 00000020 B C3D_IVUnif
0012573c 00000c00 B C3D_FVUnif
00126340 00000008 b sVramPoolB
00126348 00000008 b sVramPoolA
00126350 0000000c b sAddrMap
00126360 00000008 b sLinearPool
00126368 0000000c b sAddrMap
00126374 00000004 b romfs_mount_list
00126378 00000004 V __romfs_path
0012637c 00000001 V __ctru_speedup
00126380 0000001c b escapeSeq
0012639c 00000048 B currentCopy
001263e4 00000004 b screenAlloc
001263e8 00000004 b screenFree
001263ec 00000002 b gfxIsDoubleBuf
001263f0 00000002 b gfxCurBuf
001263f2 00000001 b gfxIsVram
001263f3 00000001 b gfxTopMode
001263f4 00000002 b gfxFramebufferFormats
001263f8 00000004 b gfxBottomFramebufferMaxSize
001263fc 00000004 b gfxTopFramebufferMaxSize
00126400 00000008 b gfxBottomFramebuffers
00126408 00000008 b gfxTopFramebuffers
00126410 00000004 b boundQueue
00126414 00000001 b shouldStop
00126415 00000001 b isRunning
00126416 00000001 b isActive
00126418 00000004 b curQueue
0012641c 00000004 B gpuCmdBufOffset
00126420 00000004 B gpuCmdBufSize
00126424 00000004 B gpuCmdBuf
00126428 00000007 b gspEventCbOneShot
00126430 0000001c b gspEventCbData
0012644c 0000001c b gspEventCb
00126468 00000038 b gspEvents
001264a0 00000004 b gspLastEvent
001264a4 00000001 b gspRunEvents
001264a8 00000004 b gspEventThread
001264ac 00000004 b gspEvent
001264b0 00000001 b gspGpuRight
001264b1 00000001 b gspThreadId
001264b4 00000004 b gspSharedMem
001264b8 00000004 b gspSharedMemHandle
001264bc 00000004 b gspRefCount
001264c0 00000004 b gspGpuHandle
001264c4 00000001 b flagValue.0
001264c5 00000001 b flagInit.1
001264c8 00000004 b serviceName.6
001264cc 00000001 b aptChainloadFlags
001264cd 00000001 b aptChainloadMediatype
001264d0 00000020 b aptChainloadHmac
001264f0 00000300 b aptChainloadDeliverArg
001267f0 00000008 b aptChainloadTid
001267f8 00001000 b aptParameters
001277f8 00000004 b aptFlags
001277fc 00000001 b aptHomeButtonState
00127800 00000004 b aptMessageFuncData
00127804 00000004 b aptMessageFunc
00127808 0000000c b aptFirstHook
00127814 00000001 b aptEventHandlerThreadQuit
00127818 00000004 b aptEventHandlerThread
0012781c 00000008 b aptSleepEvent
00127824 00000008 b aptReceiveEvent
0012782c 00000008 b aptEvents
00127834 00000004 b aptLockHandle
00127838 00000004 b aptRefCount
0012783c 00000004 b ptmSysmRefCount
00127840 00000004 b ptmSysmHandle
00127848 00000080 b fsExemptArchives
001278c8 00000004 b fsuRefCount
001278cc 00000004 b fsuHandle
001278d0 00000004 V __ctru_linear_heap_size
001278d4 00000004 V __ctru_heap_size
001278d8 00000004 B __ctru_linear_heap
001278dc 00000004 B __ctru_heap
001278e0 00000004 B __system_retAddr
001278e4 00000004 B __system_argv
001278e8 00000004 B __system_argc
001278ec b saved_stack
001278f4 00000004 b arbiter
001278f8 00000004 B __3dslink_host
001278fc 00000004 b srvRefCount
00127900 00000004 b srvHandle
00127904 00000004 b currentAddr
00127908 00000004 b maxAddr
0012790c 00000004 b minAddr
00127910 00000004 b srvPmHandle
00127918 000005c0 b archive_devices
00127ed8 00000004 b archive_device_cwd
00127edc 00000001 b archive_initialized
00127edd 00000001 b usingIrrst
00127ee0 00000004 b hidRefCount
00127ee4 00000004 b kUp
00127ee8 00000004 b kDown
00127eec 00000004 b kHeld
00127ef0 00000004 b kOld
00127ef4 00000004 B hidSharedMem
00127ef8 00000014 B hidEvents
00127f0c 00000004 B hidMemHandle
00127f10 00000004 B hidHandle
00127f14 00000004 b irrstRefCount
00127f18 00000004 b kHeld
00127f1c 00000004 B irrstSharedMem
00127f20 00000004 B irrstEvent
00127f24 00000004 B irrstMemHandle
00127f28 00000004 B irrstHandle
00127f2c 0000000c b __sfp_recursive_mutex
00127f38 00000168 B __sf
001280a0 00000004 B __stdio_exit_handler
001280a4 00000028 B __malloc_current_mallinfo
001280cc 00000004 B __malloc_max_total_mem
001280d0 00000004 B __malloc_max_sbrked_mem
001280d4 00000004 B __malloc_top_pad
001280d8 0000000c b __malloc_recursive_mutex
001280e4 00000400 b temp_cwd
001284e4 00000004 b __hndl_lock
001284e8 00000004 B fake_heap_start
001284ec 00000004 B fake_heap_end
001284f0 00000004 b heap_start.0
001284f4 B __tls_start
001290fc B __bss_end__
001290fc A __end__
001290fc B __tls_end
