         w __deregister_frame_info
         w __register_frame_info
         w userAppExit
         w userAppInit
00000000 b _TLS_MODULE_BASE_
00000000 00000802 B __ctru_dev_utf16_buf
00000000 A __sync_synchronize
00000000 a shift
00000000 a shift
00000804 00000401 B __ctru_dev_path_buf
00100000 A __start__
00100000 T _start
00100008 T __service_ptr
0010000c T __apt_appid
00100010 T __heap_size
00100014 T __linear_heap_size
00100018 T __system_arglist
0010001c T __system_runflags
00100020 t startup
00100058 t ClearMem
0010006c t ClrLoop
00100094 T _init
001000ac T __aeabi_uldivmod
001000e8 00000004 W __aeabi_idiv0
001000e8 00000004 W __aeabi_ldiv0
00100108 00000390 T strcmp
00100490 t .udivsi3_skip_div0_test
00100490 T __aeabi_uidiv
00100490 000001ec T __udivsi3
0010067c 00000020 T __aeabi_uidivmod
0010069c T __aeabi_idiv
0010069c 00000220 T __divsi3
001006a4 t .divsi3_skip_div0_test
001008bc 00000020 T __aeabi_idivmod
001008dc t __do_global_dtors_aux
0010091c t frame_dummy
00100948 00000100 T split
00100a48 0000001c T assert_fail
00100a64 00000698 T execute
001010fc 00000018 T main
00101114 00000160 W __system_initArgv
00101274 W initSystem
001012c4 W __ctru_exit
001012d8 00000030 W __appInit
00101308 00000030 W __appExit
00101338 00000038 W __libctru_init
00101370 00000090 W __libctru_exit
00101400 T svcControlMemory
00101420 T svcQueryMemory
00101450 T svcExitProcess
00101458 T svcCreateThread
00101478 T svcExitThread
00101480 T svcSleepThread
00101488 T svcReleaseMutex
00101490 T svcSignalEvent
00101498 T svcClearEvent
001014a0 T svcMapMemoryBlock
001014a8 T svcUnmapMemoryBlock
001014b0 T svcCreateAddressArbiter
001014c4 T svcArbitrateAddressNoTimeout
001014cc T svcCloseHandle
001014d4 T svcWaitSynchronization
001014dc T svcWaitSynchronizationN
00101504 T svcDuplicateHandle
00101518 T svcConnectToPort
0010152c T svcSendSyncRequest
00101534 T svcGetResourceLimit
00101548 T svcGetResourceLimitLimitValues
00101550 T svcGetResourceLimitCurrentValues
00101558 T svcBreak
00101560 0000000c T __sync_init
0010156c 00000018 T __sync_fini
00101584 000000b0 T LightLock_Lock
00101634 00000040 T LightLock_Unlock
00101674 00000030 T RecursiveLock_Lock
001016a4 00000054 T RecursiveLock_Unlock
001016f8 00000040 T LightEvent_Init
00101738 000000a4 T LightEvent_Clear
001017dc 000000c8 T LightEvent_Signal
001018a4 00000050 T LightEvent_TryWait
001018f4 000000a0 T LightEvent_Wait
00101994 00000084 W envGetHandle
00101a18 00000050 W envDestroyHandles
00101a68 0000012c T srvInit
00101b94 00000058 T srvExit
00101bec 00000060 T srvEnableNotification
00101c4c 000000a0 T srvGetServiceHandleDirect
00101cec 00000038 T srvGetServiceHandle
00101d24 00000034 T srvSubscribe
00101d58 00000060 T srvReceiveNotification
00101db8 00000038 T srvPublishToSubscriber
00101df0 00000014 t archive_link
00101e04 00000014 t archive_dirreset
00101e18 00000014 t archive_chmod
00101e2c 00000024 t error_cmp
00101e50 00000050 t archive_translate_error
00101ea0 000000c4 t archive_seek
00101f64 00000078 t _archiveInit.part.0
00101fdc 000000c4 t archiveFindDevice.part.0
001020a0 00000290 t archive_utf16path
00102330 0000009c t _archiveUnmountDeviceStruct.part.0
001023cc 00000014 t archive_statvfs
001023e0 00000014 t archive_fchmod
001023f4 00000168 t _archiveMountDevice
0010255c 000000e8 t archive_diropen
00102644 000000a4 t archive_fstat
001026e8 0000006c t archive_fsync
00102754 0000006c t archive_close
001027c0 00000070 t archive_dirclose
00102830 000000e4 t sdmc_statvfs
00102914 000000ec t archive_chdir
00102a00 0000007c t archive_ftruncate
00102a7c 000000ac t archive_read
00102b28 000000a4 t archive_unlink
00102bcc 000000bc t archive_rmdir
00102c88 000000dc t archive_mkdir
00102d64 00000194 t archive_stat
00102ef8 0000015c t archive_dirnext
00103054 00000124 t archive_write
00103178 00000210 t archive_open
00103388 00000268 t archive_rename
001035f0 0000019c T archiveMountSdmc
0010378c 00000054 T archiveUnmountAll
001037e0 00000008 W aptDspSleep
001037e8 00000004 W aptDspWakeup
001037ec 00000004 W aptDspCancel
001037f0 00000158 T aptSendCommand
00103948 00000044 t aptExitProcess
0010398c 00000380 T aptExit
00103d0c 00000084 T APT_SleepIfShellClosed
00103d90 00000084 T APT_UnlockTransition
00103e18 00000478 t aptEventHandler
00104290 000000b0 T APT_ReceiveParameter
00104340 000000ac t aptReceiveParameter.constprop.0
001043ec 000002c8 t aptWaitForWakeUp.isra.0
001046b4 0000022c T aptInit
001048e0 0000007c T APT_CheckNew3DS
0010495c 00000024 W hidShouldUseIrrst
00104980 0000018c T hidInit
00104b0c 000000e8 T hidExit
00104bf4 0000000c T srvPmGetSessionHandle
00104c00 000000d0 T fsInit
00104cd0 0000003c T fsExit
00104d0c 00000060 T fsExemptFromSession
00104d6c 00000050 T fsUnexemptFromSession
00104dbc 000000cc T FSUSER_OpenFile
00104e88 000000bc T FSUSER_DeleteFile
00104f44 000000f8 T FSUSER_RenameFile
0010503c 000000bc T FSUSER_DeleteDirectory
001050f8 000000d4 T FSUSER_CreateFile
001051cc 000000c4 T FSUSER_CreateDirectory
00105290 000000f8 T FSUSER_RenameDirectory
00105388 000000b4 T FSUSER_OpenDirectory
0010543c 00000094 T FSUSER_OpenArchive
001054d0 0000008c T FSUSER_CloseArchive
0010555c 00000074 T FSUSER_GetSdmcArchiveResource
001055d0 00000064 T FSUSER_IsSdmcWritable
00105634 00000058 T FSFILE_Read
0010568c 00000060 T FSFILE_Write
001056ec 00000038 T FSFILE_GetSize
00105724 00000028 T FSFILE_SetSize
0010574c 0000003c T FSFILE_Close
00105788 00000024 T FSFILE_Flush
001057ac 00000050 T FSDIR_Read
001057fc 0000003c T FSDIR_Close
00105838 000000e8 T utf16_to_utf8
00105920 00000064 T decode_utf16
00105984 0000013c T decode_utf8
00105ac0 000000c0 T utf8_to_utf16
00105b80 00000030 T __syscall_getreent
00105bb0 00000004 T __syscall_lock_acquire
00105bb4 00000004 T __syscall_lock_release
00105bb8 00000004 T __syscall_lock_acquire_recursive
00105bbc 00000004 T __syscall_lock_release_recursive
00105bc0 00000004 T __syscall_exit
00105bc4 00000050 T initThreadVars
00105c14 00000080 T __system_initSyscalls
00105c98 000001e0 W __system_allocateHeaps
00105e78 T __aeabi_read_tp
00105e84 00000034 T __ctru_speedup_config
00105eb8 000001d4 T threadCreate
0010608c 0000002c T threadFree
001060b8 00000024 T threadJoin
001060dc 00000030 T threadGetCurrent
0010610c 00000040 T threadExit
0010614c 00000020 t _thread_begin
0010616c 00000090 t mappableFindAddressWithin
001061fc 00000028 T mappableInit
00106224 00000080 T mappableAlloc
001062a4 00000004 T mappableFree
001062a8 00000160 T irrstInit
00106408 000000cc T irrstExit
001064d4 00000068 T GSPGPU_AcquireRight
0010653c 0000002c T GSPGPU_RestoreVramSysArea
00106568 00000074 T ptmSysmInit
001065dc 0000003c T ptmSysmExit
00106618 00000034 T PTMSYSM_ConfigureNew3DSCPU
0010664c 00000054 T encode_utf16
001066a0 000000e0 T encode_utf8
00106780 00000120 T __udivmoddi4
001068a0 000000d8 T strncmp
00106978 0000005c T strlen
001069d4 000000d4 T memcmp
00106aa8 000001e4 t _strtoul_l.isra.0
00106c8c 00000034 T strtoul
00106cc0 000000e4 T strncat
00106da4 00000078 T bsearch
00106e1c 00000344 T _fread_r
00107160 00000038 T fread
00107198 00000020 T calloc
001071b8 00000038 t lflush
001071f0 0000019c T __srefill_r
0010738c 00000148 T _fclose_r
001074d4 00000018 T fclose
001074ec 000000c0 T _calloc_r
001075ac 00000144 T __smakebuf_r
001076f0 00000014 T getchar
00107704 00000020 T memalign
00107724 0000001c t stdio_exit_handler
00107740 0000005c t cleanup_stdio
0010779c 00000154 t global_stdio_init.part.0
001078f0 00000134 T __sfp
00107a24 0000005c T __sinit
00107a80 0000000c T __sfp_lock_acquire
00107a8c 0000000c T __sfp_lock_release
00107a98 000007e8 T _malloc_r
00108280 000000f8 T _malloc_trim_r
00108378 00000300 T _free_r
00108678 0000004c T strnlen
001086c4 0000000c T __errno
001086d0 00000034 T malloc
00108704 00000018 T free
0010871c 00000130 T memcpy
0010884c 00000034 T printf
00108880 00000134 T _fopen_r
001089b4 00000020 T fopen
001089d4 000000e8 T memset
00108abc 00000070 T _fwalk_sglue
00108b2c 0000000c T __malloc_lock
00108b38 0000000c T __malloc_unlock
00108b44 0000002c T ftell
00108b70 000000f0 T strcpy
00108c60 00000004 W __call_exitprocs
00108c64 00000030 T exit
00108c94 0000001c T _fseek_r
00108cb0 00000034 T fseek
00108ce4 000000c4 T strncpy
00108da8 000000b4 T __sflags
00108e5c 00000084 T __libc_init_array
00108ee0 00000228 T __sflush_r
00109108 00000094 T _fflush_r
0010919c 000000b0 T _getc_r
0010924c 00000150 T _memalign_r
0010939c 0000003c T __libc_fini_array
001093d8 0000058c T _fseeko_r
00109964 00000044 T __sread
001099a8 00000068 T __swrite
00109a10 00000040 T __sseek
00109a50 00000008 T __sclose
00109a58 000005e4 t get_arg
0010a040 0000342c T _vfprintf_r
0010d46c 000000b8 t __sbprintf
0010d524 000001b4 t quorem
0010d6d8 00001370 T _dtoa_r
0010ea48 000000a0 T _wcrtomb_r
0010eae8 000001b0 T _ftello_r
0010ec98 00000050 T __srget_r
0010ece8 00000028 T _wcsrtombs_r
0010ed10 00000194 T __swsetup_r
0010eea8 00000088 T frexp
0010ef30 0000005c T __assert_func
0010ef8c 00000088 T _Balloc
0010f014 0000001c T _Bfree
0010f030 000000f4 T __multadd
0010f124 00000080 T __hi0bits
0010f1a4 000000f4 T __lo0bits
0010f298 000000a4 T __i2b
0010f33c 00000208 T __multiply
0010f544 00000130 T __pow5mult
0010f674 00000138 T __lshift
0010f7ac 00000058 T __mcmp
0010f804 000001f0 T __mdiff
0010f9f4 00000120 T __d2b
0010fb14 00000024 T __locale_mb_cur_max
0010fb38 0000003c T fiprintf
0010fb74 000000e0 T memchr
0010fc54 00000160 T _wcsnrtombs_l
0010fdb4 00000064 T _wcsnrtombs_r
0010fe18 00000324 T __utf8_mbtowc
0011013c 00000030 T __sprint_r
0011016c 00000014 T abort
00110180 00000024 T _localeconv_r
001101a4 000000f0 T __utf8_wctomb
00110294 00000130 T strchr
001103c4 00000160 T memmove
00110524 00000090 T _raise_r
001105b4 00000018 T raise
001105cc 00000480 T __sfvwrite_r
00110a4c 000005e4 t get_arg
00111030 00002264 T _vfiprintf_r
00113294 000000b8 t __sbprintf
0011334c 000004a4 T _realloc_r
001137f0 00000020 T _exit
00113810 0000013c T chdir
0011394c 000001cc T _concatenate_path
00113b18 00000088 T _fstat_r
00113ba0 00000014 T _getpid_r
00113bb4 0000002c T __getreent
00113be0 0000008c T __release_handle
00113c6c 000000b0 T __alloc_handle
00113d1c 0000003c T __get_handle
00113d58 000000f4 T _close_r
00113e4c 00000008 t null_write
00113e54 00000018 T setDefaultDevice
00113e6c 000000c8 T FindDevice
00113f34 00000028 T RemoveDevice
00113f5c 00000098 T AddDevice
00113ff4 00000020 T GetDeviceOpTab
00114014 00000008 T _isatty_r
0011401c 00000014 T _kill_r
00114030 0000008c T _lseek_r
001140bc 000000bc T _open_r
00114178 00000088 T _read_r
00114200 00000078 W _sbrk_r
00114278 0000001c T __libc_lock_acquire
00114294 0000001c T __libc_lock_release
001142b0 0000001c T __libc_lock_acquire_recursive
001142cc 0000001c T __libc_lock_release_recursive
001142e8 00000088 T _write_r
00114370 00000048 T strrchr
001143b8 T _fini
00115000 00000010 r CSWTCH.15
00115168 r .LC2
00115290 00000030 r error_table
001152c0 00000080 r archive_devoptab
0011535c 00000008 r s_sleepWakeEvents.4
00115364 00000101 R _ctype_
0011558c 00000010 r zeroes.0
0011559c 00000010 r blanks.1
001155b4 0000006c R __action_table
00115620 0000006c R __state_table
0011568c 00000100 R __chclass
0011578c 0000000c r p05.0
00115798 00000028 R __mprec_bigtens
001157c0 000000c8 R __mprec_tens
00115974 00000010 r zeroes.0
00115984 00000010 r blanks.1
00115994 00000080 R dotab_stdnull
00115a14 R __tdata_align
00115a18 r __EH_FRAME_BEGIN__
00115a18 R __exidx_end
00115a18 R __exidx_start
00116000 W __stacksize__
00116004 00000004 d aptChainloadDeliverArgSize
00116008 00000004 D _impure_ptr
00116010 00000120 D _impure_data
00116130 0000000c D __sglue
0011613c 00000004 D __malloc_sbrk_base
00116140 00000004 D __malloc_trim_threshold
00116148 00000408 D __malloc_av_
00116550 0000016c D __global_locale
001166bc 00000400 d _current_working_directory
00116ac0 00001000 d handles
00117ac0 0000000c d __stderr_handle
00117acc 0000000c d __stdout_handle
00117ad8 0000000c d __stdin_handle
00117ae4 0000008c D devoptab_list
00117b70 00000004 d defaultDevice
00117b7c d _GLOBAL_OFFSET_TABLE_
00117b88 d __frame_dummy_init_array_entry
00117b88 D __init_array_start
00117b88 B __preinit_array_end
00117b88 B __preinit_array_start
00117b88 D __tdata_lma
00117b88 D __tdata_lma_end
00117b8c d __do_global_dtors_aux_fini_array_entry
00117b8c D __fini_array_start
00117b8c D __init_array_end
00117b90 D __bss_start__
00117b90 D __fini_array_end
00117b90 b completed.1
00117b94 b object.0
00117bac 00000004 B __system_argv
00117bb0 00000004 B __system_argc
00117bb4 b saved_stack
00117bbc 00000004 B __3dslink_host
00117bc0 00000004 B __system_retAddr
00117bc4 00000004 b arbiter
00117bc8 00000004 b srvRefCount
00117bcc 00000004 b srvHandle
00117bd0 000005c0 b archive_devices
00118190 00000004 b archive_device_cwd
00118194 00000001 b archive_initialized
00118195 00000001 b flagValue.0
00118196 00000001 b flagInit.1
00118198 00000004 b serviceName.6
0011819c 00000001 b aptChainloadFlags
0011819d 00000001 b aptChainloadMediatype
001181a0 00000020 b aptChainloadHmac
001181c0 00000300 b aptChainloadDeliverArg
001184c0 00000008 b aptChainloadTid
001184c8 00001000 b aptParameters
001194c8 00000004 b aptFlags
001194cc 00000001 b aptHomeButtonState
001194d0 00000004 b aptMessageFuncData
001194d4 00000004 b aptMessageFunc
001194d8 0000000c b aptFirstHook
001194e4 00000001 b aptEventHandlerThreadQuit
001194e8 00000004 b aptEventHandlerThread
001194ec 00000008 b aptSleepEvent
001194f4 00000008 b aptReceiveEvent
001194fc 00000008 b aptEvents
00119504 00000004 b aptLockHandle
00119508 00000004 b aptRefCount
0011950c 00000001 b usingIrrst
00119510 00000004 b hidRefCount
00119514 00000004 b kUp
00119518 00000004 b kDown
0011951c 00000004 b kHeld
00119520 00000004 b kOld
00119524 00000004 B hidSharedMem
00119528 00000014 B hidEvents
0011953c 00000004 B hidMemHandle
00119540 00000004 B hidHandle
00119544 00000004 b srvPmHandle
00119548 00000080 b fsExemptArchives
001195c8 00000004 b fsuRefCount
001195cc 00000004 b fsuHandle
001195d0 00000004 V __ctru_linear_heap_size
001195d4 00000004 V __ctru_heap_size
001195d8 00000004 B __ctru_linear_heap
001195dc 00000004 B __ctru_heap
001195e0 00000001 V __ctru_speedup
001195e4 00000004 b currentAddr
001195e8 00000004 b maxAddr
001195ec 00000004 b minAddr
001195f0 00000004 b irrstRefCount
001195f4 00000004 b kHeld
001195f8 00000004 B irrstSharedMem
001195fc 00000004 B irrstEvent
00119600 00000004 B irrstMemHandle
00119604 00000004 B irrstHandle
00119608 00000001 b gspGpuRight
0011960c 00000004 b gspGpuHandle
00119610 00000004 b ptmSysmRefCount
00119614 00000004 b ptmSysmHandle
00119618 0000000c b __sfp_recursive_mutex
00119628 00000168 B __sf
00119790 00000004 B __stdio_exit_handler
00119794 00000028 B __malloc_current_mallinfo
001197bc 00000004 B __malloc_max_total_mem
001197c0 00000004 B __malloc_max_sbrked_mem
001197c4 00000004 B __malloc_top_pad
001197c8 0000000c b __malloc_recursive_mutex
001197d4 00000400 b temp_cwd
00119bd4 00000004 b __hndl_lock
00119bd8 00000004 B fake_heap_start
00119bdc 00000004 B fake_heap_end
00119be0 00000004 b heap_start.0
00119be4 B __tls_start
0011a7ec B __bss_end__
0011a7ec A __end__
0011a7ec B __tls_end
